Arguments: 
  C:\Program Files\nodejs\node.exe C:\Users\wldnr\AppData\Roaming\npm\node_modules\yarn\bin\yarn.js add sass -D

PATH: 
  C:\Users\wldnr\OneDrive\문서\VueStudy\pacel-template-basic\node_modules\.bin;C:\Users\wldnr\OneDrive\문서\VueStudy\node_modules\.bin;C:\Users\wldnr\OneDrive\문서\node_modules\.bin;C:\Users\wldnr\OneDrive\node_modules\.bin;C:\Users\wldnr\node_modules\.bin;C:\Users\node_modules\.bin;C:\node_modules\.bin;C:\Users\wldnr\AppData\Roaming\npm\node_modules\npm\node_modules\@npmcli\run-script\lib\node-gyp-bin;C:\Users\wldnr\bin;C:\Program Files\Git\mingw64\bin;C:\Program Files\Git\usr\local\bin;C:\Program Files\Git\usr\bin;C:\Program Files\Git\usr\bin;C:\Program Files\Git\mingw64\bin;C:\Program Files\Git\usr\bin;C:\Users\wldnr\bin;C:\Program Files (x86)\NAT Service;C:\Windows\system32;C:\Windows;C:\Windows\System32\Wbem;C:\Windows\System32\WindowsPowerShell\v1.0;C:\Windows\System32\OpenSSH;C:\Program Files\Git\cmd;C:\Program Files\NVIDIA Corporation\NVIDIA NvDLISR;C:\Program Files (x86)\NVIDIA Corporation\PhysX\Common;C:\Program Files\nodejs;C:\Users\wldnr\AppData\Local\Microsoft\WindowsApps;C:\Users\wldnr\AppData\Local\Programs\Microsoft VS Code\bin;C:\Users\wldnr\AppData\Roaming\npm;C:\Users\wldnr\AppData\Local\afreeca;C:\Program Files\Git\usr\bin\vendor_perl;C:\Program Files\Git\usr\bin\core_perl

Yarn version: 
  1.22.19

Node version: 
  18.12.1

Platform: 
  win32 x64

Trace: 
  Error: EPERM: operation not permitted, unlink 'C:\Users\wldnr\OneDrive\문서\VueStudy\pacel-template-basic\node_modules\deasync\bin\win32-x64-node-18\deasync.node'

npm manifest: 
  {
    "name": "pacel-template-basic",
    "version": "1.0.0",
    "description": "",
    "main": "index.js",
    "scripts": {
      "dev": "parcel index.html",
      "build": "parcel build index.html"
    },
    "keywords": [],
    "author": "",
    "license": "ISC",
    "devDependencies": {
      "@babel/core": "^7.22.9",
      "@babel/plugin-transform-runtime": "^7.22.9",
      "@babel/preset-env": "^7.22.9",
      "autoprefixer": "^10.4.14",
      "parcel-bundler": "^1.12.5",
      "parcel-plugin-static-files-copy": "^2.6.0",
      "postcss": "^8.4.26"
    },
    "staticFiles": {
      "staticPath": "static"
    },
    "browserslist": [
      "> 1%",
      "last 2 versions"
    ]
  }

yarn manifest: 
  No manifest

Lockfile: 
  No lockfile
